[0524/162344.659:ERROR:backend_impl.cc(1041)] Critical error found -8
[0524/162344.659:ERROR:entry_impl.cc(1076)] No file for c10301ec
[0524/162344.659:WARNING:storage_block-inl.h(146)] Failed data load.
[0524/162344.659:WARNING:storage_block-inl.h(146)] Failed data load.
[0524/162344.659:WARNING:storage_block-inl.h(146)] Failed data load.
[0524/162344.659:WARNING:storage_block-inl.h(146)] Failed data load.
[0524/162344.659:ERROR:entry_impl.cc(1076)] No file for c10301e6
[0524/162344.659:WARNING:storage_block-inl.h(146)] Failed data load.
[0524/162344.659:WARNING:storage_block-inl.h(146)] Failed data load.
[0524/162344.659:WARNING:storage_block-inl.h(146)] Failed data load.
[0524/162344.659:WARNING:storage_block-inl.h(146)] Failed data load.
[0524/162344.659:ERROR:entry_impl.cc(1076)] No file for c10301ee
[0524/162344.659:WARNING:storage_block-inl.h(146)] Failed data load.
[0524/162344.659:WARNING:storage_block-inl.h(146)] Failed data load.
[0524/162344.661:WARNING:storage_block-inl.h(146)] Failed data load.
[0526/121529.258:WARNING:dns_config_service_win.cc(700)] Failed to read DnsConfig.
[0526/121534.263:WARNING:dns_config_service_win.cc(700)] Failed to read DnsConfig.
[0526/121539.266:WARNING:dns_config_service_win.cc(700)] Failed to read DnsConfig.
[0526/121544.267:WARNING:dns_config_service_win.cc(700)] Failed to read DnsConfig.
[0526/121549.269:WARNING:dns_config_service_win.cc(700)] Failed to read DnsConfig.
[0526/121554.273:WARNING:dns_config_service_win.cc(700)] Failed to read DnsConfig.
[0526/121559.275:WARNING:dns_config_service_win.cc(700)] Failed to read DnsConfig.
[0526/121604.277:WARNING:dns_config_service_win.cc(700)] Failed to read DnsConfig.
[0526/121609.279:WARNING:dns_config_service_win.cc(700)] Failed to read DnsConfig.
[0526/121614.282:WARNING:dns_config_service_win.cc(700)] Failed to read DnsConfig.
[0526/121619.285:WARNING:dns_config_service_win.cc(700)] Failed to read DnsConfig.
[0526/121624.288:WARNING:dns_config_service_win.cc(700)] Failed to read DnsConfig.
[0526/121629.293:WARNING:dns_config_service_win.cc(700)] Failed to read DnsConfig.
[0526/121634.298:WARNING:dns_config_service_win.cc(700)] Failed to read DnsConfig.
[0526/121639.302:WARNING:dns_config_service_win.cc(700)] Failed to read DnsConfig.
[0526/121644.308:WARNING:dns_config_service_win.cc(700)] Failed to read DnsConfig.
[0526/121649.310:WARNING:dns_config_service_win.cc(700)] Failed to read DnsConfig.
[0526/121654.314:WARNING:dns_config_service_win.cc(700)] Failed to read DnsConfig.
[0526/121659.319:WARNING:dns_config_service_win.cc(700)] Failed to read DnsConfig.
[0526/121704.324:WARNING:dns_config_service_win.cc(700)] Failed to read DnsConfig.
[0526/121709.328:WARNING:dns_config_service_win.cc(700)] Failed to read DnsConfig.
[0526/121714.333:WARNING:dns_config_service_win.cc(700)] Failed to read DnsConfig.
[0526/121719.336:WARNING:dns_config_service_win.cc(700)] Failed to read DnsConfig.
[0526/121724.338:WARNING:dns_config_service_win.cc(700)] Failed to read DnsConfig.
[0526/121729.340:WARNING:dns_config_service_win.cc(700)] Failed to read DnsConfig.
[0526/121734.343:WARNING:dns_config_service_win.cc(700)] Failed to read DnsConfig.
[0526/121739.345:WARNING:dns_config_service_win.cc(700)] Failed to read DnsConfig.
[0526/121744.348:WARNING:dns_config_service_win.cc(700)] Failed to read DnsConfig.
[0526/121749.350:WARNING:dns_config_service_win.cc(700)] Failed to read DnsConfig.
[0526/121754.354:WARNING:dns_config_service_win.cc(700)] Failed to read DnsConfig.
[0526/121759.357:WARNING:dns_config_service_win.cc(700)] Failed to read DnsConfig.
[0526/121804.359:WARNING:dns_config_service_win.cc(700)] Failed to read DnsConfig.
[0526/121809.362:WARNING:dns_config_service_win.cc(700)] Failed to read DnsConfig.
[0526/121814.367:WARNING:dns_config_service_win.cc(700)] Failed to read DnsConfig.
[0526/121819.370:WARNING:dns_config_service_win.cc(700)] Failed to read DnsConfig.
[0526/121824.373:WARNING:dns_config_service_win.cc(700)] Failed to read DnsConfig.
[0526/121829.375:WARNING:dns_config_service_win.cc(700)] Failed to read DnsConfig.
[0526/121834.378:WARNING:dns_config_service_win.cc(700)] Failed to read DnsConfig.
[0526/121839.382:WARNING:dns_config_service_win.cc(700)] Failed to read DnsConfig.
[0526/121844.385:WARNING:dns_config_service_win.cc(700)] Failed to read DnsConfig.
[0526/121849.388:WARNING:dns_config_service_win.cc(700)] Failed to read DnsConfig.
[0526/121854.392:WARNING:dns_config_service_win.cc(700)] Failed to read DnsConfig.
[0526/121859.394:WARNING:dns_config_service_win.cc(700)] Failed to read DnsConfig.
[0526/121904.397:WARNING:dns_config_service_win.cc(700)] Failed to read DnsConfig.
[0526/121909.401:WARNING:dns_config_service_win.cc(700)] Failed to read DnsConfig.
[0526/121914.405:WARNING:dns_config_service_win.cc(700)] Failed to read DnsConfig.
[0526/121919.408:WARNING:dns_config_service_win.cc(700)] Failed to read DnsConfig.
[0526/121924.411:WARNING:dns_config_service_win.cc(700)] Failed to read DnsConfig.
[0526/121929.413:WARNING:dns_config_service_win.cc(700)] Failed to read DnsConfig.
[0526/121934.418:WARNING:dns_config_service_win.cc(700)] Failed to read DnsConfig.
[0526/121939.421:WARNING:dns_config_service_win.cc(700)] Failed to read DnsConfig.
[0526/121944.425:WARNING:dns_config_service_win.cc(700)] Failed to read DnsConfig.
[0526/121949.428:WARNING:dns_config_service_win.cc(700)] Failed to read DnsConfig.
[0526/121954.432:WARNING:dns_config_service_win.cc(700)] Failed to read DnsConfig.
[0526/121959.435:WARNING:dns_config_service_win.cc(700)] Failed to read DnsConfig.
[0526/122004.438:WARNING:dns_config_service_win.cc(700)] Failed to read DnsConfig.
[0526/122009.441:WARNING:dns_config_service_win.cc(700)] Failed to read DnsConfig.
[0526/122014.443:WARNING:dns_config_service_win.cc(700)] Failed to read DnsConfig.
[0526/122019.447:WARNING:dns_config_service_win.cc(700)] Failed to read DnsConfig.
[0526/122024.450:WARNING:dns_config_service_win.cc(700)] Failed to read DnsConfig.
[0526/122029.452:WARNING:dns_config_service_win.cc(700)] Failed to read DnsConfig.
[0526/122034.454:WARNING:dns_config_service_win.cc(700)] Failed to read DnsConfig.
[0526/122039.459:WARNING:dns_config_service_win.cc(700)] Failed to read DnsConfig.
[0526/122044.461:WARNING:dns_config_service_win.cc(700)] Failed to read DnsConfig.
[0526/122049.463:WARNING:dns_config_service_win.cc(700)] Failed to read DnsConfig.
[0526/122054.467:WARNING:dns_config_service_win.cc(700)] Failed to read DnsConfig.
[0526/122059.469:WARNING:dns_config_service_win.cc(700)] Failed to read DnsConfig.
[0526/122104.471:WARNING:dns_config_service_win.cc(700)] Failed to read DnsConfig.
[0526/122109.474:WARNING:dns_config_service_win.cc(700)] Failed to read DnsConfig.
[0526/122114.477:WARNING:dns_config_service_win.cc(700)] Failed to read DnsConfig.
[0526/122119.480:WARNING:dns_config_service_win.cc(700)] Failed to read DnsConfig.
[0526/122124.483:WARNING:dns_config_service_win.cc(700)] Failed to read DnsConfig.
[0526/122129.485:WARNING:dns_config_service_win.cc(700)] Failed to read DnsConfig.
[0526/122134.487:WARNING:dns_config_service_win.cc(700)] Failed to read DnsConfig.
[0526/122135.702:WARNING:gpu_process_host.cc(1230)] The GPU process has crashed 1 time(s)
[0526/154915.814:WARNING:dns_config_service_win.cc(700)] Failed to read DnsConfig.
[0526/154920.820:WARNING:dns_config_service_win.cc(700)] Failed to read DnsConfig.
[0526/154925.825:WARNING:dns_config_service_win.cc(700)] Failed to read DnsConfig.
[0526/154930.832:WARNING:dns_config_service_win.cc(700)] Failed to read DnsConfig.
[0526/154935.834:WARNING:dns_config_service_win.cc(700)] Failed to read DnsConfig.
[0526/154940.839:WARNING:dns_config_service_win.cc(700)] Failed to read DnsConfig.
[0526/154945.842:WARNING:dns_config_service_win.cc(700)] Failed to read DnsConfig.
[0526/154950.846:WARNING:dns_config_service_win.cc(700)] Failed to read DnsConfig.
[0526/154955.848:WARNING:dns_config_service_win.cc(700)] Failed to read DnsConfig.
[0526/155000.850:WARNING:dns_config_service_win.cc(700)] Failed to read DnsConfig.
[0526/155005.857:WARNING:dns_config_service_win.cc(700)] Failed to read DnsConfig.
[0526/155010.862:WARNING:dns_config_service_win.cc(700)] Failed to read DnsConfig.
[0526/155015.864:WARNING:dns_config_service_win.cc(700)] Failed to read DnsConfig.
[0526/155020.869:WARNING:dns_config_service_win.cc(700)] Failed to read DnsConfig.
[0526/155025.871:WARNING:dns_config_service_win.cc(700)] Failed to read DnsConfig.
[0526/155030.875:WARNING:dns_config_service_win.cc(700)] Failed to read DnsConfig.
[0526/155035.879:WARNING:dns_config_service_win.cc(700)] Failed to read DnsConfig.
[0526/155040.882:WARNING:dns_config_service_win.cc(700)] Failed to read DnsConfig.
[0526/155045.886:WARNING:dns_config_service_win.cc(700)] Failed to read DnsConfig.
[0526/155050.890:WARNING:dns_config_service_win.cc(700)] Failed to read DnsConfig.
[0526/155055.895:WARNING:dns_config_service_win.cc(700)] Failed to read DnsConfig.
[0526/155100.898:WARNING:dns_config_service_win.cc(700)] Failed to read DnsConfig.
[0526/155105.902:WARNING:dns_config_service_win.cc(700)] Failed to read DnsConfig.
[0526/155110.904:WARNING:dns_config_service_win.cc(700)] Failed to read DnsConfig.
[0526/155115.908:WARNING:dns_config_service_win.cc(700)] Failed to read DnsConfig.
[0526/155120.913:WARNING:dns_config_service_win.cc(700)] Failed to read DnsConfig.
[0526/155125.915:WARNING:dns_config_service_win.cc(700)] Failed to read DnsConfig.
[0526/155130.921:WARNING:dns_config_service_win.cc(700)] Failed to read DnsConfig.
[0526/155135.926:WARNING:dns_config_service_win.cc(700)] Failed to read DnsConfig.
[0526/155140.932:WARNING:dns_config_service_win.cc(700)] Failed to read DnsConfig.
[0526/155145.937:WARNING:dns_config_service_win.cc(700)] Failed to read DnsConfig.
[0526/155150.941:WARNING:dns_config_service_win.cc(700)] Failed to read DnsConfig.
[0526/155155.947:WARNING:dns_config_service_win.cc(700)] Failed to read DnsConfig.
[0526/155200.950:WARNING:dns_config_service_win.cc(700)] Failed to read DnsConfig.
[0526/155205.957:WARNING:dns_config_service_win.cc(700)] Failed to read DnsConfig.
[0526/155210.962:WARNING:dns_config_service_win.cc(700)] Failed to read DnsConfig.
[0526/155215.968:WARNING:dns_config_service_win.cc(700)] Failed to read DnsConfig.
[0526/155220.973:WARNING:dns_config_service_win.cc(700)] Failed to read DnsConfig.
[0526/155225.977:WARNING:dns_config_service_win.cc(700)] Failed to read DnsConfig.
[0526/155230.981:WARNING:dns_config_service_win.cc(700)] Failed to read DnsConfig.
[0526/155235.986:WARNING:dns_config_service_win.cc(700)] Failed to read DnsConfig.
[0526/155240.991:WARNING:dns_config_service_win.cc(700)] Failed to read DnsConfig.
[0526/155245.996:WARNING:dns_config_service_win.cc(700)] Failed to read DnsConfig.
[0526/155251.002:WARNING:dns_config_service_win.cc(700)] Failed to read DnsConfig.
[0526/155256.005:WARNING:dns_config_service_win.cc(700)] Failed to read DnsConfig.
[0526/155301.011:WARNING:dns_config_service_win.cc(700)] Failed to read DnsConfig.
[0526/155306.014:WARNING:dns_config_service_win.cc(700)] Failed to read DnsConfig.
[0526/155311.019:WARNING:dns_config_service_win.cc(700)] Failed to read DnsConfig.
[0526/155316.022:WARNING:dns_config_service_win.cc(700)] Failed to read DnsConfig.
[0526/155321.026:WARNING:dns_config_service_win.cc(700)] Failed to read DnsConfig.
[0526/155326.032:WARNING:dns_config_service_win.cc(700)] Failed to read DnsConfig.
[0526/155331.038:WARNING:dns_config_service_win.cc(700)] Failed to read DnsConfig.
[0526/155336.039:WARNING:dns_config_service_win.cc(700)] Failed to read DnsConfig.
[0526/155341.047:WARNING:dns_config_service_win.cc(700)] Failed to read DnsConfig.
[0526/155346.051:WARNING:dns_config_service_win.cc(700)] Failed to read DnsConfig.
[0526/155351.055:WARNING:dns_config_service_win.cc(700)] Failed to read DnsConfig.
[0526/155356.060:WARNING:dns_config_service_win.cc(700)] Failed to read DnsConfig.
[0526/155401.065:WARNING:dns_config_service_win.cc(700)] Failed to read DnsConfig.
[0526/155406.069:WARNING:dns_config_service_win.cc(700)] Failed to read DnsConfig.
[0526/155411.073:WARNING:dns_config_service_win.cc(700)] Failed to read DnsConfig.
[0526/155416.076:WARNING:dns_config_service_win.cc(700)] Failed to read DnsConfig.
[0526/155421.081:WARNING:dns_config_service_win.cc(700)] Failed to read DnsConfig.
[0526/155426.083:WARNING:dns_config_service_win.cc(700)] Failed to read DnsConfig.
[0526/155427.668:WARNING:dns_config_service_win.cc(700)] Failed to read DnsConfig.
[0526/155427.786:WARNING:dns_config_service_win.cc(700)] Failed to read DnsConfig.
[0526/155427.806:WARNING:dns_config_service_win.cc(700)] Failed to read DnsConfig.
[0526/155427.902:WARNING:dns_config_service_win.cc(700)] Failed to read DnsConfig.
[0526/155427.936:WARNING:dns_config_service_win.cc(700)] Failed to read DnsConfig.
